2026-04-16T08:21:42.911+02:00  INFO 11556 --- [Puzzleteca] [main] com.ignacio_natalia.api.ApiApplication   : Starting ApiApplication using Java 25.0.2 with PID 11556 (C:\Users\ignac\IdeaProjects\Puzzleteca_BACKEND\api\target\classes started by ignac in C:\Users\ignac\IdeaProjects\Puzzleteca_BACKEND)
2026-04-16T08:21:42.920+02:00  INFO 11556 --- [Puzzleteca] [main] com.ignacio_natalia.api.ApiApplication   : No active profile set, falling back to 1 default profile: "default"
2026-04-16T08:21:45.194+02:00  INFO 11556 --- [Puzzleteca] [main] .s.d.r.c.RepositoryConfigurationDelegate : Bootstrapping Spring Data JPA repositories in DEFAULT mode.
2026-04-16T08:21:45.351+02:00  INFO 11556 --- [Puzzleteca] [main] .s.d.r.c.RepositoryConfigurationDelegate : Finished Spring Data repository scanning in 137 ms. Found 5 JPA repository interfaces.
2026-04-16T08:21:46.626+02:00  INFO 11556 --- [Puzzleteca] [main] o.s.b.w.embedded.tomcat.TomcatWebServer  : Tomcat initialized with port 8080 (http)
2026-04-16T08:21:46.659+02:00  INFO 11556 --- [Puzzleteca] [main] o.apache.catalina.core.StandardService   : Starting service [Tomcat]
2026-04-16T08:21:46.660+02:00  INFO 11556 --- [Puzzleteca] [main] o.apache.catalina.core.StandardEngine    : Starting Servlet engine: [Apache Tomcat/10.1.50]
2026-04-16T08:21:46.793+02:00  INFO 11556 --- [Puzzleteca] [main] o.a.c.c.C.[Tomcat].[localhost].[/]       : Initializing Spring embedded WebApplicationContext
2026-04-16T08:21:46.794+02:00  INFO 11556 --- [Puzzleteca] [main] w.s.c.ServletWebServerApplicationContext : Root WebApplicationContext: initialization completed in 3687 ms
2026-04-16T08:21:47.203+02:00  INFO 11556 --- [Puzzleteca] [main] o.hibernate.jpa.internal.util.LogHelper  : HHH000204: Processing PersistenceUnitInfo [name: default]
2026-04-16T08:21:47.354+02:00  INFO 11556 --- [Puzzleteca] [main] org.hibernate.Version                    : HHH000412: Hibernate ORM core version 6.6.41.Final
2026-04-16T08:21:47.447+02:00  INFO 11556 --- [Puzzleteca] [main] o.h.c.internal.RegionFactoryInitiator    : HHH000026: Second-level cache disabled
2026-04-16T08:21:48.281+02:00  INFO 11556 --- [Puzzleteca] [main] o.s.o.j.p.SpringPersistenceUnitInfo      : No LoadTimeWeaver setup: ignoring JPA class transformer
2026-04-16T08:21:48.378+02:00  INFO 11556 --- [Puzzleteca] [main] com.zaxxer.hikari.HikariDataSource       : HikariPool-1 - Starting...
2026-04-16T08:21:48.736+02:00  INFO 11556 --- [Puzzleteca] [main] com.zaxxer.hikari.pool.HikariPool        : HikariPool-1 - Added connection org.postgresql.jdbc.PgConnection@6cf047cf
2026-04-16T08:21:48.740+02:00  INFO 11556 --- [Puzzleteca] [main] com.zaxxer.hikari.HikariDataSource       : HikariPool-1 - Start completed.
2026-04-16T08:21:48.843+02:00  WARN 11556 --- [Puzzleteca] [main] org.hibernate.orm.deprecation            : HHH90000025: PostgreSQLDialect does not need to be specified explicitly using 'hibernate.dialect' (remove the property setting and it will be selected by default)
2026-04-16T08:21:48.899+02:00  INFO 11556 --- [Puzzleteca] [main] org.hibernate.orm.connections.pooling    : HHH10001005: Database info:
	Database JDBC URL [Connecting through datasource 'HikariDataSource (HikariPool-1)']
	Database driver: undefined/unknown
	Database version: 16.13
	Autocommit mode: undefined/unknown
	Isolation level: undefined/unknown
	Minimum pool size: undefined/unknown
	Maximum pool size: undefined/unknown
2026-04-16T08:21:50.737+02:00  INFO 11556 --- [Puzzleteca] [main] o.h.e.t.j.p.i.JtaPlatformInitiator       : HHH000489: No JTA platform available (set 'hibernate.transaction.jta.platform' to enable JTA platform integration)
2026-04-16T08:21:51.035+02:00  INFO 11556 --- [Puzzleteca] [main] j.LocalContainerEntityManagerFactoryBean : Initialized JPA EntityManagerFactory for persistence unit 'default'
2026-04-16T08:21:51.697+02:00  INFO 11556 --- [Puzzleteca] [main] o.s.d.j.r.query.QueryEnhancerFactory     : Hibernate is in classpath; If applicable, HQL parser will be used.
2026-04-16T08:21:52.875+02:00  WARN 11556 --- [Puzzleteca] [main] JpaBaseConfiguration$JpaWebConfiguration : spring.jpa.open-in-view is enabled by default. Therefore, database queries may be performed during view rendering. Explicitly configure spring.jpa.open-in-view to disable this warning
2026-04-16T08:21:53.242+02:00  INFO 11556 --- [Puzzleteca] [main] eAuthenticationProviderManagerConfigurer : Global AuthenticationManager configured with AuthenticationProvider bean with name authenticationProvider
2026-04-16T08:21:53.243+02:00  WARN 11556 --- [Puzzleteca] [main] r$InitializeUserDetailsManagerConfigurer : Global AuthenticationManager configured with an AuthenticationProvider bean. UserDetailsService beans will not be used by Spring Security for automatically configuring username/password login. Consider removing the AuthenticationProvider bean. Alternatively, consider using the UserDetailsService in a manually instantiated DaoAuthenticationProvider. If the current configuration is intentional, to turn off this warning, increase the logging level of 'org.springframework.security.config.annotation.authentication.configuration.InitializeUserDetailsBeanManagerConfigurer' to ERROR
2026-04-16T08:21:53.451+02:00  INFO 11556 --- [Puzzleteca] [main] o.s.v.b.OptionalValidatorFactoryBean     : Failed to set up a Bean Validation provider: jakarta.validation.NoProviderFoundException: Unable to create a Configuration, because no Jakarta Bean Validation provider could be found. Add a provider like Hibernate Validator (RI) to your classpath.
2026-04-16T08:21:53.962+02:00  INFO 11556 --- [Puzzleteca] [main] o.s.m.s.b.SimpleBrokerMessageHandler     : Starting...
2026-04-16T08:21:53.964+02:00  INFO 11556 --- [Puzzleteca] [main] o.s.m.s.b.SimpleBrokerMessageHandler     : BrokerAvailabilityEvent[available=true, SimpleBrokerMessageHandler [org.springframework.messaging.simp.broker.DefaultSubscriptionRegistry@172e4d3a]]
2026-04-16T08:21:53.965+02:00  INFO 11556 --- [Puzzleteca] [main] o.s.m.s.b.SimpleBrokerMessageHandler     : Started.
2026-04-16T08:21:53.996+02:00  INFO 11556 --- [Puzzleteca] [main] o.s.b.w.embedded.tomcat.TomcatWebServer  : Tomcat started on port 8080 (http) with context path '/'
2026-04-16T08:21:54.011+02:00  INFO 11556 --- [Puzzleteca] [main] com.ignacio_natalia.api.ApiApplication   : Started ApiApplication in 12.276 seconds (process running for 14.705)
2026-04-16T08:22:53.958+02:00  INFO 11556 --- [Puzzleteca] [MessageBroker-1] o.s.w.s.c.WebSocketMessageBrokerStats    : WebSocketSession[0 current WS(0)-HttpStream(0)-HttpPoll(0), 0 total, 0 closed abnormally (0 connect failure, 0 send limit, 0 transport error)], stompSubProtocol[processed CONNECT(0)-CONNECTED(0)-DISCONNECT(0)], stompBrokerRelay[null], inboundChannel[pool size = 0, active threads = 0, queued tasks = 0, completed tasks = 0], outboundChannel[pool size = 0, active threads = 0, queued tasks = 0, completed tasks = 0], sockJsScheduler[pool size = 1, active threads = 1, queued tasks = 0, completed tasks = 0]
2026-04-16T08:25:31.182+02:00  INFO 11556 --- [Puzzleteca] [http-nio-8080-exec-1] o.a.c.c.C.[Tomcat].[localhost].[/]       : Initializing Spring DispatcherServlet 'dispatcherServlet'
2026-04-16T08:25:31.189+02:00  INFO 11556 --- [Puzzleteca] [http-nio-8080-exec-1] o.s.web.servlet.DispatcherServlet        : Initializing Servlet 'dispatcherServlet'
2026-04-16T08:25:31.200+02:00  INFO 11556 --- [Puzzleteca] [http-nio-8080-exec-1] o.s.web.servlet.DispatcherServlet        : Completed initialization in 7 ms
2026-04-16T08:25:32.368+02:00  INFO 11556 --- [Puzzleteca] [http-nio-8080-exec-1] c.i.api.controlador.UsuarioController    : Token generado: eyJhbGciOiJIUzI1NiJ9.eyJzdWIiOiJpZ25hY2lvc2Fuem1lc2FAZ21haWwuY29tIiwiaWRfdXN1YXJpbyI6MSwidGlwb1VzdWFyaW8iOiJBZG1pbiIsImlhdCI6MTc3NjMyMDczMiwiZXhwIjoxNzc2NDA3MTMyfQ.0GByfeO3l8-ilkApnFb9WyQvaGIfZiq8nBo2uH6zmPQ
2026-04-16T08:41:52.594+02:00  INFO 11556 --- [Puzzleteca] [http-nio-8080-exec-5] c.i.api.controlador.UsuarioController    : Token generado: eyJhbGciOiJIUzI1NiJ9.eyJzdWIiOiJpZ25hY2lvc2Fuem1lc2FAZ21haWwuY29tIiwiaWRfdXN1YXJpbyI6MSwidGlwb1VzdWFyaW8iOiJBZG1pbiIsImlhdCI6MTc3NjMyMTcxMiwiZXhwIjoxNzc2NDA4MTEyfQ.1tkaD6aNT7ObXnvcxPWsKwi9bByiXH-P1T-JLbjZb-g
2026-04-16T08:46:08.214+02:00  INFO 11556 --- [Puzzleteca] [http-nio-8080-exec-9] c.i.api.controlador.UsuarioController    : Token generado: eyJhbGciOiJIUzI1NiJ9.eyJzdWIiOiJpZ25hY2lvc2Fuem1lc2FAZ21haWwuY29tIiwiaWRfdXN1YXJpbyI6MSwidGlwb1VzdWFyaW8iOiJBZG1pbiIsImlhdCI6MTc3NjMyMTk2OCwiZXhwIjoxNzc2NDA4MzY4fQ.Vj6ueqczXBsmMVaVNGOclRQv1Nzl76veK-lg2YcAga8
2026-04-16T08:51:06.285+02:00  INFO 11556 --- [Puzzleteca] [SpringApplicationShutdownHook] o.s.b.w.e.tomcat.GracefulShutdown        : Commencing graceful shutdown. Waiting for active requests to complete
2026-04-16T08:51:06.364+02:00  INFO 11556 --- [Puzzleteca] [tomcat-shutdown] o.s.b.w.e.tomcat.GracefulShutdown        : Graceful shutdown complete
2026-04-16T08:51:06.373+02:00  INFO 11556 --- [Puzzleteca] [SpringApplicationShutdownHook] o.s.m.s.b.SimpleBrokerMessageHandler     : Stopping...
2026-04-16T08:51:06.382+02:00  INFO 11556 --- [Puzzleteca] [SpringApplicationShutdownHook] o.s.m.s.b.SimpleBrokerMessageHandler     : BrokerAvailabilityEvent[available=false, SimpleBrokerMessageHandler [org.springframework.messaging.simp.broker.DefaultSubscriptionRegistry@172e4d3a]]
2026-04-16T08:51:06.383+02:00  INFO 11556 --- [Puzzleteca] [SpringApplicationShutdownHook] o.s.m.s.b.SimpleBrokerMessageHandler     : Stopped.
2026-04-16T08:51:06.418+02:00  INFO 11556 --- [Puzzleteca] [SpringApplicationShutdownHook] j.LocalContainerEntityManagerFactoryBean : Closing JPA EntityManagerFactory for persistence unit 'default'
2026-04-16T08:51:06.447+02:00  INFO 11556 --- [Puzzleteca] [SpringApplicationShutdownHook] com.zaxxer.hikari.HikariDataSource       : HikariPool-1 - Shutdown initiated...
2026-04-16T08:51:06.455+02:00  INFO 11556 --- [Puzzleteca] [SpringApplicationShutdownHook] com.zaxxer.hikari.HikariDataSource       : HikariPool-1 - Shutdown completed.
